<?xml version="1.0" encoding="UTF-8"?>
<testsuites name="jest tests" tests="5" failures="2" errors="0" time="40.646">
  <testsuite name="test paths" errors="0" failures="0" skipped="0" timestamp="2021-02-05T05:32:08" time="17.195" tests="1">
    <testcase classname="test paths Path home" name="test paths Path home" time="0.001">
    </testcase>
  </testsuite>
  <testsuite name="Test tile position" errors="0" failures="0" skipped="0" timestamp="2021-02-05T05:32:08" time="17.475" tests="2">
    <testcase classname="Test tile position Start" name="Test tile position Start" time="0.002">
    </testcase>
    <testcase classname="Test tile position End" name="Test tile position End" time="0.001">
    </testcase>
  </testsuite>
  <testsuite name="App" errors="0" failures="1" skipped="0" timestamp="2021-02-05T05:32:08" time="21.244" tests="1">
    <testcase classname="App encountered a declaration exception" name="App encountered a declaration exception" time="0.003">
      <failure>Error: Invariant failed: You should not use &lt;withRouter(App) /&gt; outside a &lt;Router&gt;
    at invariant (D:\WebDev\hot\memo-private\client\node_modules\tiny-invariant\dist\tiny-invariant.cjs.js:13:11)
    at D:\WebDev\hot\memo-private\client\node_modules\react-router\modules\withRouter.js:19:11
    at updateContextConsumer (D:\WebDev\hot\memo-private\client\node_modules\react-dom\cjs\react-dom.development.js:18747:19)
    at beginWork (D:\WebDev\hot\memo-private\client\node_modules\react-dom\cjs\react-dom.development.js:19114:14)
    at HTMLUnknownElement.callCallback (D:\WebDev\hot\memo-private\client\node_modules\react-dom\cjs\react-dom.development.js:3945:14)
    at HTMLUnknownElement.callTheUserObjectsOperation (D:\WebDev\hot\memo-private\client\node_modules\jsdom\lib\jsdom\living\generated\EventListener.js:26:30)
    at innerInvokeEventListeners (D:\WebDev\hot\memo-private\client\node_modules\jsdom\lib\jsdom\living\events\EventTarget-impl.js:318:25)
    at invokeEventListeners (D:\WebDev\hot\memo-private\client\node_modules\jsdom\lib\jsdom\living\events\EventTarget-impl.js:274:3)
    at HTMLUnknownElementImpl._dispatch (D:\WebDev\hot\memo-private\client\node_modules\jsdom\lib\jsdom\living\events\EventTarget-impl.js:221:9)
    at HTMLUnknownElementImpl.dispatchEvent (D:\WebDev\hot\memo-private\client\node_modules\jsdom\lib\jsdom\living\events\EventTarget-impl.js:94:17)
    at HTMLUnknownElement.dispatchEvent (D:\WebDev\hot\memo-private\client\node_modules\jsdom\lib\jsdom\living\generated\EventTarget.js:231:34)
    at Object.invokeGuardedCallbackDev (D:\WebDev\hot\memo-private\client\node_modules\react-dom\cjs\react-dom.development.js:3994:16)
    at invokeGuardedCallback (D:\WebDev\hot\memo-private\client\node_modules\react-dom\cjs\react-dom.development.js:4056:31)
    at beginWork$1 (D:\WebDev\hot\memo-private\client\node_modules\react-dom\cjs\react-dom.development.js:23964:7)
    at performUnitOfWork (D:\WebDev\hot\memo-private\client\node_modules\react-dom\cjs\react-dom.development.js:22779:12)
    at workLoopSync (D:\WebDev\hot\memo-private\client\node_modules\react-dom\cjs\react-dom.development.js:22707:5)
    at renderRootSync (D:\WebDev\hot\memo-private\client\node_modules\react-dom\cjs\react-dom.development.js:22670:7)
    at performSyncWorkOnRoot (D:\WebDev\hot\memo-private\client\node_modules\react-dom\cjs\react-dom.development.js:22293:18)
    at scheduleUpdateOnFiber (D:\WebDev\hot\memo-private\client\node_modules\react-dom\cjs\react-dom.development.js:21881:7)
    at updateContainer (D:\WebDev\hot\memo-private\client\node_modules\react-dom\cjs\react-dom.development.js:25482:3)
    at D:\WebDev\hot\memo-private\client\node_modules\react-dom\cjs\react-dom.development.js:26021:7
    at unbatchedUpdates (D:\WebDev\hot\memo-private\client\node_modules\react-dom\cjs\react-dom.development.js:22431:12)
    at legacyRenderSubtreeIntoContainer (D:\WebDev\hot\memo-private\client\node_modules\react-dom\cjs\react-dom.development.js:26020:5)
    at Object.render (D:\WebDev\hot\memo-private\client\node_modules\react-dom\cjs\react-dom.development.js:26103:10)
    at D:\WebDev\hot\memo-private\client\node_modules\@testing-library\react\dist\pure.js:99:25
    at batchedUpdates$1 (D:\WebDev\hot\memo-private\client\node_modules\react-dom\cjs\react-dom.development.js:22380:12)
    at act (D:\WebDev\hot\memo-private\client\node_modules\react-dom\cjs\react-dom-test-utils.development.js:1042:14)
    at render (D:\WebDev\hot\memo-private\client\node_modules\@testing-library\react\dist\pure.js:95:26)
    at Suite.&lt;anonymous&gt; (D:\WebDev\hot\memo-private\client\__tests__\app.tsx:6:24)
    at addSpecsToSuite (D:\WebDev\hot\memo-private\client\node_modules\jest-jasmine2\build\jasmine\Env.js:444:51)
    at Env.describe (D:\WebDev\hot\memo-private\client\node_modules\jest-jasmine2\build\jasmine\Env.js:414:11)
    at describe (D:\WebDev\hot\memo-private\client\node_modules\jest-jasmine2\build\jasmine\jasmineLight.js:88:18)
    at Object.&lt;anonymous&gt; (D:\WebDev\hot\memo-private\client\__tests__\app.tsx:4:1)
    at Runtime._execModule (D:\WebDev\hot\memo-private\client\node_modules\jest-runtime\build\index.js:1299:24)
    at Runtime._loadModule (D:\WebDev\hot\memo-private\client\node_modules\jest-runtime\build\index.js:898:12)
    at Runtime.requireModule (D:\WebDev\hot\memo-private\client\node_modules\jest-runtime\build\index.js:746:10)
    at jasmine2 (D:\WebDev\hot\memo-private\client\node_modules\jest-jasmine2\build\index.js:230:13)
    at runTestInternal (D:\WebDev\hot\memo-private\client\node_modules\jest-runner\build\runTest.js:380:22)
    at processTicksAndRejections (internal/process/task_queues.js:93:5)
    at runTest (D:\WebDev\hot\memo-private\client\node_modules\jest-runner\build\runTest.js:472:34)
    at Object.worker (D:\WebDev\hot\memo-private\client\node_modules\jest-runner\build\testWorker.js:133:12)</failure>
    </testcase>
  </testsuite>
  <testsuite name="undefined" errors="0" failures="1" skipped="0" timestamp="2021-02-05T05:32:08" time="21.399" tests="1">
    <testcase classname=" renders with App and root div" name=" renders with App and root div" time="0.272">
      <failure>Invariant Violation: 
&quot;fetch&quot; has not been found globally and no fetcher has been configured. To fix this, install a fetch package (like https://www.npmjs.com/package/cross-fetch), instantiate the fetcher, and pass it into your HttpLink constructor. For example:

import fetch from &apos;cross-fetch&apos;;
import { ApolloClient, HttpLink } from &apos;@apollo/client&apos;;
const client = new ApolloClient({
  link: new HttpLink({ uri: &apos;/graphql&apos;, fetch })
});
    
    at new InvariantError (D:\WebDev\hot\memo-private\client\node_modules\ts-invariant\lib\invariant.esm.js:13:28)
    at checkFetcher (D:\WebDev\hot\memo-private\client\node_modules\@apollo\client\link\http\checkFetcher.js:4:80)
    at createHttpLink (D:\WebDev\hot\memo-private\client\node_modules\@apollo\client\link\http\createHttpLink.js:16:5)
    at new HttpLink (D:\WebDev\hot\memo-private\client\node_modules\@apollo\client\link\http\HttpLink.js:8:39)
    at new ApolloClient (D:\WebDev\hot\memo-private\client\node_modules\@apollo\client\core\ApolloClient.js:27:19)
    at Object.&lt;anonymous&gt; (D:\WebDev\hot\memo-private\client\src\config\apollo.ts:5:60)
    at Runtime._execModule (D:\WebDev\hot\memo-private\client\node_modules\jest-runtime\build\index.js:1299:24)
    at Runtime._loadModule (D:\WebDev\hot\memo-private\client\node_modules\jest-runtime\build\index.js:898:12)
    at Runtime.requireModule (D:\WebDev\hot\memo-private\client\node_modules\jest-runtime\build\index.js:746:10)
    at Runtime.requireModuleOrMock (D:\WebDev\hot\memo-private\client\node_modules\jest-runtime\build\index.js:919:21)
    at Object.&lt;anonymous&gt; (D:\WebDev\hot\memo-private\client\src\index.tsx:6:1)
    at Runtime._execModule (D:\WebDev\hot\memo-private\client\node_modules\jest-runtime\build\index.js:1299:24)
    at Runtime._loadModule (D:\WebDev\hot\memo-private\client\node_modules\jest-runtime\build\index.js:898:12)
    at Runtime.requireModule (D:\WebDev\hot\memo-private\client\node_modules\jest-runtime\build\index.js:746:10)
    at Runtime.require [as requireModuleOrMock] (D:\WebDev\hot\memo-private\client\node_modules\jest-runtime\build\index.js:919:21)
    at Object.&lt;anonymous&gt; (D:\WebDev\hot\memo-private\client\__tests__\index.tsx:19:3)
    at Object.asyncJestTest (D:\WebDev\hot\memo-private\client\node_modules\jest-jasmine2\build\jasmineAsyncInstall.js:106:37)
    at D:\WebDev\hot\memo-private\client\node_modules\jest-jasmine2\build\queueRunner.js:45:12
    at new Promise (&lt;anonymous&gt;)
    at mapper (D:\WebDev\hot\memo-private\client\node_modules\jest-jasmine2\build\queueRunner.js:28:19)
    at D:\WebDev\hot\memo-private\client\node_modules\jest-jasmine2\build\queueRunner.js:75:41
    at processTicksAndRejections (internal/process/task_queues.js:93:5)</failure>
    </testcase>
  </testsuite>
</testsuites>